2025-11-17 22:17:49,693 - INFO - \U0001f7e2 Scraper started
2025-11-17 22:17:49,695 - INFO - Scraping page 1: https://www.freshersworld.com/python-jobs/3535127
2025-11-17 22:17:59,923 - INFO - Scraping page 2: https://www.freshersworld.com/python-jobs/3535127?&limit=20&offset=20
2025-11-17 22:18:05,790 - INFO - Scraping page 3: https://www.freshersworld.com/python-jobs/3535127?&limit=20&offset=40
2025-11-17 22:18:11,709 - INFO - Scraping page 4: https://www.freshersworld.com/python-jobs/3535127?&limit=20&offset=60
2025-11-17 22:18:19,662 - INFO - Scraping page 5: https://www.freshersworld.com/python-jobs/3535127?&limit=20&offset=80
2025-11-17 22:18:25,160 - INFO - Scraping page 6: https://www.freshersworld.com/python-jobs/3535127?&limit=20&offset=100
2025-11-17 22:18:30,904 - INFO - Scraping page 7: https://www.freshersworld.com/python-jobs/3535127?&limit=20&offset=120
2025-11-17 22:18:36,721 - INFO - Scraping page 8: https://www.freshersworld.com/python-jobs/3535127?&limit=20&offset=140
2025-11-17 22:18:44,217 - INFO - Scraping page 9: https://www.freshersworld.com/python-jobs/3535127?&limit=20&offset=160
2025-11-17 22:18:50,118 - INFO - Scraping page 10: https://www.freshersworld.com/python-jobs/3535127?&limit=20&offset=180
2025-11-17 22:18:57,234 - INFO - Scraping page 11: https://www.freshersworld.com/python-jobs/3535127?&limit=20&offset=200
2025-11-17 22:19:03,911 - INFO - Scraping page 12: https://www.freshersworld.com/python-jobs/3535127?&limit=20&offset=220
2025-11-17 22:19:11,098 - INFO - Scraping page 13: https://www.freshersworld.com/python-jobs/3535127?&limit=20&offset=240
2025-11-17 22:19:18,558 - INFO - Scraping page 14: https://www.freshersworld.com/python-jobs/3535127?&limit=20&offset=260
2025-11-17 22:19:19,191 - ERROR - [Attempt 1] Error fetching https://www.freshersworld.com/python-jobs/3535127?&limit=20&offset=260 \u2192 502 Server Error: Bad Gateway for url: https://www.freshersworld.com/python-jobs/3535127?&limit=20&offset=260
2025-11-17 22:19:29,338 - INFO - Scraping page 15: https://www.freshersworld.com/python-jobs/3535127?&limit=20&offset=280
2025-11-17 22:19:29,873 - ERROR - [Attempt 1] Error fetching https://www.freshersworld.com/python-jobs/3535127?&limit=20&offset=280 \u2192 502 Server Error: Bad Gateway for url: https://www.freshersworld.com/python-jobs/3535127?&limit=20&offset=280
2025-11-17 22:19:39,933 - INFO - Scraping page 16: https://www.freshersworld.com/python-jobs/3535127?&limit=20&offset=300
2025-11-17 22:19:46,724 - INFO - Scraping page 17: https://www.freshersworld.com/python-jobs/3535127?&limit=20&offset=320
2025-11-17 22:19:53,743 - INFO - Scraping page 18: https://www.freshersworld.com/python-jobs/3535127?&limit=20&offset=340
2025-11-17 22:19:54,362 - ERROR - [Attempt 1] Error fetching https://www.freshersworld.com/python-jobs/3535127?&limit=20&offset=340 \u2192 502 Server Error: Bad Gateway for url: https://www.freshersworld.com/python-jobs/3535127?&limit=20&offset=340
2025-11-17 22:19:56,903 - ERROR - [Attempt 2] Error fetching https://www.freshersworld.com/python-jobs/3535127?&limit=20&offset=340 \u2192 502 Server Error: Bad Gateway for url: https://www.freshersworld.com/python-jobs/3535127?&limit=20&offset=340
2025-11-17 22:19:59,409 - ERROR - [Attempt 3] Error fetching https://www.freshersworld.com/python-jobs/3535127?&limit=20&offset=340 \u2192 502 Server Error: Bad Gateway for url: https://www.freshersworld.com/python-jobs/3535127?&limit=20&offset=340
2025-11-17 22:20:01,410 - ERROR - \u274c Failed after 3 attempts: https://www.freshersworld.com/python-jobs/3535127?&limit=20&offset=340
2025-11-17 22:20:04,460 - INFO - Scraping page 19: https://www.freshersworld.com/python-jobs/3535127?&limit=20&offset=360
2025-11-17 22:20:10,552 - INFO - Scraping page 20: https://www.freshersworld.com/python-jobs/3535127?&limit=20&offset=380
2025-11-17 22:20:16,353 - INFO - Scraping page 21: https://www.freshersworld.com/python-jobs/3535127?&limit=20&offset=400
2025-11-17 22:20:22,622 - INFO - Scraping page 22: https://www.freshersworld.com/python-jobs/3535127?&limit=20&offset=420
2025-11-17 22:20:28,324 - INFO - Scraping page 23: https://www.freshersworld.com/python-jobs/3535127?&limit=20&offset=440
2025-11-17 22:20:34,342 - INFO - Scraping page 24: https://www.freshersworld.com/python-jobs/3535127?&limit=20&offset=460
2025-11-17 22:21:03,540 - INFO - Scraping page 25: https://www.freshersworld.com/python-jobs/3535127?&limit=20&offset=480
2025-11-17 22:21:15,338 - INFO - Scraping page 26: https://www.freshersworld.com/python-jobs/3535127?&limit=20&offset=500
2025-11-17 22:21:21,927 - INFO - Scraping page 27: https://www.freshersworld.com/python-jobs/3535127?&limit=20&offset=520
2025-11-17 22:21:27,798 - INFO - Scraping page 28: https://www.freshersworld.com/python-jobs/3535127?&limit=20&offset=540
2025-11-17 22:21:35,373 - INFO - Scraping page 29: https://www.freshersworld.com/python-jobs/3535127?&limit=20&offset=560
2025-11-17 22:21:42,287 - INFO - Scraping page 30: https://www.freshersworld.com/python-jobs/3535127?&limit=20&offset=580
2025-11-17 22:21:49,370 - INFO - Scraping page 31: https://www.freshersworld.com/python-jobs/3535127?&limit=20&offset=600
2025-11-17 22:21:55,113 - INFO - Scraping page 32: https://www.freshersworld.com/python-jobs/3535127?&limit=20&offset=620
2025-11-17 22:22:02,150 - INFO - Scraping page 33: https://www.freshersworld.com/python-jobs/3535127?&limit=20&offset=640
2025-11-17 22:22:08,325 - INFO - Scraping page 34: https://www.freshersworld.com/python-jobs/3535127?&limit=20&offset=660
2025-11-17 22:22:17,561 - INFO - Scraping page 35: https://www.freshersworld.com/python-jobs/3535127?&limit=20&offset=680
2025-11-17 22:22:25,525 - INFO - Scraping page 36: https://www.freshersworld.com/python-jobs/3535127?&limit=20&offset=700
2025-11-17 22:22:31,784 - INFO - Scraping page 37: https://www.freshersworld.com/python-jobs/3535127?&limit=20&offset=720
2025-11-17 22:22:38,002 - INFO - Scraping page 38: https://www.freshersworld.com/python-jobs/3535127?&limit=20&offset=740
2025-11-17 22:22:46,204 - INFO - Scraping page 39: https://www.freshersworld.com/python-jobs/3535127?&limit=20&offset=760
2025-11-17 22:22:52,367 - INFO - Scraping page 40: https://www.freshersworld.com/python-jobs/3535127?&limit=20&offset=780
2025-11-17 22:22:59,601 - INFO - Scraping page 41: https://www.freshersworld.com/python-jobs/3535127?&limit=20&offset=800
2025-11-17 22:23:07,351 - INFO - Scraping page 42: https://www.freshersworld.com/python-jobs/3535127?&limit=20&offset=820
2025-11-17 22:23:15,192 - INFO - Scraping page 43: https://www.freshersworld.com/python-jobs/3535127?&limit=20&offset=840
2025-11-17 22:23:22,082 - INFO - Scraping page 44: https://www.freshersworld.com/python-jobs/3535127?&limit=20&offset=860
2025-11-17 22:23:29,849 - INFO - Scraping page 45: https://www.freshersworld.com/python-jobs/3535127?&limit=20&offset=880
2025-11-17 22:23:37,656 - INFO - Scraping page 46: https://www.freshersworld.com/python-jobs/3535127?&limit=20&offset=900
2025-11-17 22:23:43,873 - INFO - Scraping page 47: https://www.freshersworld.com/python-jobs/3535127?&limit=20&offset=920
2025-11-17 22:23:50,772 - INFO - Scraping page 48: https://www.freshersworld.com/python-jobs/3535127?&limit=20&offset=940
2025-11-17 22:23:56,804 - INFO - Scraping page 49: https://www.freshersworld.com/python-jobs/3535127?&limit=20&offset=960
2025-11-17 22:24:01,879 - INFO - Scraping page 50: https://www.freshersworld.com/python-jobs/3535127?&limit=20&offset=980
2025-11-17 22:24:08,006 - INFO - Scraping page 51: https://www.freshersworld.com/python-jobs/3535127?&limit=20&offset=1000
2025-11-17 22:24:13,335 - INFO - Scraping page 52: https://www.freshersworld.com/python-jobs/3535127?&limit=20&offset=1020
2025-11-17 22:24:19,717 - INFO - Scraping page 53: https://www.freshersworld.com/python-jobs/3535127?&limit=20&offset=1040
2025-11-17 22:24:26,283 - INFO - Scraping page 54: https://www.freshersworld.com/python-jobs/3535127?&limit=20&offset=1060
2025-11-17 22:24:32,428 - INFO - Scraping page 55: https://www.freshersworld.com/python-jobs/3535127?&limit=20&offset=1080
2025-11-17 22:24:37,813 - INFO - Scraping page 56: https://www.freshersworld.com/python-jobs/3535127?&limit=20&offset=1100
2025-11-17 22:24:43,942 - INFO - Scraping page 57: https://www.freshersworld.com/python-jobs/3535127?&limit=20&offset=1120
2025-11-17 22:24:50,022 - INFO - Scraping page 58: https://www.freshersworld.com/python-jobs/3535127?&limit=20&offset=1140
2025-11-17 22:24:56,366 - INFO - Scraping page 59: https://www.freshersworld.com/python-jobs/3535127?&limit=20&offset=1160
2025-11-17 22:25:02,637 - INFO - Scraping page 60: https://www.freshersworld.com/python-jobs/3535127?&limit=20&offset=1180
2025-11-17 22:25:09,431 - INFO - Scraping page 61: https://www.freshersworld.com/python-jobs/3535127?&limit=20&offset=1200
2025-11-17 22:25:16,110 - INFO - Scraping page 62: https://www.freshersworld.com/python-jobs/3535127?&limit=20&offset=1220
2025-11-17 22:25:21,642 - INFO - Scraping page 63: https://www.freshersworld.com/python-jobs/3535127?&limit=20&offset=1240
2025-11-17 22:25:27,030 - INFO - Scraping page 64: https://www.freshersworld.com/python-jobs/3535127?&limit=20&offset=1260
2025-11-17 22:25:33,368 - INFO - Scraping page 65: https://www.freshersworld.com/python-jobs/3535127?&limit=20&offset=1280
2025-11-17 22:25:40,027 - INFO - Scraping page 66: https://www.freshersworld.com/python-jobs/3535127?&limit=20&offset=1300
2025-11-17 22:25:45,483 - INFO - Scraping page 67: https://www.freshersworld.com/python-jobs/3535127?&limit=20&offset=1320
2025-11-17 22:25:52,075 - INFO - Scraping page 68: https://www.freshersworld.com/python-jobs/3535127?&limit=20&offset=1340
2025-11-17 22:25:58,337 - INFO - Scraping page 69: https://www.freshersworld.com/python-jobs/3535127?&limit=20&offset=1360
2025-11-17 22:26:04,847 - INFO - Scraping page 70: https://www.freshersworld.com/python-jobs/3535127?&limit=20&offset=1380
2025-11-17 22:26:10,151 - INFO - Scraping page 71: https://www.freshersworld.com/python-jobs/3535127?&limit=20&offset=1400
2025-11-17 22:26:16,617 - INFO - Scraping page 72: https://www.freshersworld.com/python-jobs/3535127?&limit=20&offset=1420
2025-11-17 22:26:22,725 - INFO - Scraping page 73: https://www.freshersworld.com/python-jobs/3535127?&limit=20&offset=1440
2025-11-17 22:26:28,268 - INFO - Scraping page 74: https://www.freshersworld.com/python-jobs/3535127?&limit=20&offset=1460
2025-11-17 22:26:33,730 - INFO - Scraping page 75: https://www.freshersworld.com/python-jobs/3535127?&limit=20&offset=1480
2025-11-17 22:26:40,707 - INFO - Scraping page 76: https://www.freshersworld.com/python-jobs/3535127?&limit=20&offset=1500
2025-11-17 22:26:47,374 - INFO - Scraping page 77: https://www.freshersworld.com/python-jobs/3535127?&limit=20&offset=1520
2025-11-17 22:26:53,459 - INFO - Scraping page 78: https://www.freshersworld.com/python-jobs/3535127?&limit=20&offset=1540
2025-11-17 22:26:58,722 - INFO - Scraping page 79: https://www.freshersworld.com/python-jobs/3535127?&limit=20&offset=1560
2025-11-17 22:27:04,556 - INFO - Scraping page 80: https://www.freshersworld.com/python-jobs/3535127?&limit=20&offset=1580
2025-11-17 22:27:10,145 - INFO - Scraping page 81: https://www.freshersworld.com/python-jobs/3535127?&limit=20&offset=1600
2025-11-17 22:27:17,262 - INFO - Scraping page 82: https://www.freshersworld.com/python-jobs/3535127?&limit=20&offset=1620
2025-11-17 22:27:23,097 - INFO - Scraping page 83: https://www.freshersworld.com/python-jobs/3535127?&limit=20&offset=1640
2025-11-17 22:27:29,808 - INFO - Scraping page 84: https://www.freshersworld.com/python-jobs/3535127?&limit=20&offset=1660
2025-11-17 22:27:35,962 - INFO - Scraping page 85: https://www.freshersworld.com/python-jobs/3535127?&limit=20&offset=1680
2025-11-17 22:27:42,485 - INFO - Scraping page 86: https://www.freshersworld.com/python-jobs/3535127?&limit=20&offset=1700
2025-11-17 22:27:49,374 - INFO - Scraping page 87: https://www.freshersworld.com/python-jobs/3535127?&limit=20&offset=1720
2025-11-17 22:27:55,862 - INFO - Scraping page 88: https://www.freshersworld.com/python-jobs/3535127?&limit=20&offset=1740
2025-11-17 22:28:01,184 - INFO - Scraping page 89: https://www.freshersworld.com/python-jobs/3535127?&limit=20&offset=1760
2025-11-17 22:28:08,026 - INFO - Scraping page 90: https://www.freshersworld.com/python-jobs/3535127?&limit=20&offset=1780
2025-11-17 22:28:13,487 - INFO - Scraping page 91: https://www.freshersworld.com/python-jobs/3535127?&limit=20&offset=1800
2025-11-17 22:28:19,603 - INFO - Scraping page 92: https://www.freshersworld.com/python-jobs/3535127?&limit=20&offset=1820
2025-11-17 22:28:25,737 - INFO - Scraping page 93: https://www.freshersworld.com/python-jobs/3535127?&limit=20&offset=1840
2025-11-17 22:28:31,795 - INFO - Scraping page 94: https://www.freshersworld.com/python-jobs/3535127?&limit=20&offset=1860
2025-11-17 22:28:37,955 - INFO - Scraping page 95: https://www.freshersworld.com/python-jobs/3535127?&limit=20&offset=1880
2025-11-17 22:28:44,027 - INFO - Scraping page 96: https://www.freshersworld.com/python-jobs/3535127?&limit=20&offset=1900
2025-11-17 22:28:51,506 - INFO - Scraping page 97: https://www.freshersworld.com/python-jobs/3535127?&limit=20&offset=1920
2025-11-17 22:28:58,298 - INFO - Scraping page 98: https://www.freshersworld.com/python-jobs/3535127?&limit=20&offset=1940
2025-11-17 22:29:04,990 - INFO - Scraping page 99: https://www.freshersworld.com/python-jobs/3535127?&limit=20&offset=1960
2025-11-17 22:29:10,860 - INFO - Scraping page 100: https://www.freshersworld.com/python-jobs/3535127?&limit=20&offset=1980
2025-11-17 22:29:18,055 - INFO - Scraping page 101: https://www.freshersworld.com/python-jobs/3535127?&limit=20&offset=2000
2025-11-17 22:29:24,298 - INFO - Scraping page 102: https://www.freshersworld.com/python-jobs/3535127?&limit=20&offset=2020
2025-11-17 22:29:30,299 - INFO - Scraping page 103: https://www.freshersworld.com/python-jobs/3535127?&limit=20&offset=2040
2025-11-17 22:29:36,643 - INFO - Scraping page 104: https://www.freshersworld.com/python-jobs/3535127?&limit=20&offset=2060
2025-11-17 22:29:43,630 - INFO - Scraping page 105: https://www.freshersworld.com/python-jobs/3535127?&limit=20&offset=2080
2025-11-17 22:29:50,289 - INFO - Scraping page 106: https://www.freshersworld.com/python-jobs/3535127?&limit=20&offset=2100
2025-11-17 22:29:57,536 - INFO - Scraping page 107: https://www.freshersworld.com/python-jobs/3535127?&limit=20&offset=2120
2025-11-17 22:30:04,392 - INFO - Scraping page 108: https://www.freshersworld.com/python-jobs/3535127?&limit=20&offset=2140
2025-11-17 22:30:11,208 - INFO - Scraping page 109: https://www.freshersworld.com/python-jobs/3535127?&limit=20&offset=2160
2025-11-17 22:30:18,185 - INFO - Scraping page 110: https://www.freshersworld.com/python-jobs/3535127?&limit=20&offset=2180
2025-11-17 22:30:24,284 - INFO - Scraping page 111: https://www.freshersworld.com/python-jobs/3535127?&limit=20&offset=2200
2025-11-17 22:30:29,921 - INFO - Scraping page 112: https://www.freshersworld.com/python-jobs/3535127?&limit=20&offset=2220
2025-11-17 22:30:37,196 - INFO - Scraping page 113: https://www.freshersworld.com/python-jobs/3535127?&limit=20&offset=2240
2025-11-17 22:30:43,040 - INFO - Scraping page 114: https://www.freshersworld.com/python-jobs/3535127?&limit=20&offset=2260
2025-11-17 22:30:50,269 - INFO - Scraping page 115: https://www.freshersworld.com/python-jobs/3535127?&limit=20&offset=2280
2025-11-17 22:30:57,212 - INFO - Scraping page 116: https://www.freshersworld.com/python-jobs/3535127?&limit=20&offset=2300
2025-11-17 22:31:03,602 - INFO - Scraping page 117: https://www.freshersworld.com/python-jobs/3535127?&limit=20&offset=2320
2025-11-17 22:31:09,544 - INFO - Scraping page 118: https://www.freshersworld.com/python-jobs/3535127?&limit=20&offset=2340
2025-11-17 22:31:16,308 - INFO - Scraping page 119: https://www.freshersworld.com/python-jobs/3535127?&limit=20&offset=2360
2025-11-17 22:31:23,628 - INFO - Scraping page 120: https://www.freshersworld.com/python-jobs/3535127?&limit=20&offset=2380
2025-11-17 22:31:30,137 - INFO - Scraping page 121: https://www.freshersworld.com/python-jobs/3535127?&limit=20&offset=2400
2025-11-17 22:31:36,067 - INFO - Scraping page 122: https://www.freshersworld.com/python-jobs/3535127?&limit=20&offset=2420
2025-11-17 22:31:41,897 - INFO - Scraping page 123: https://www.freshersworld.com/python-jobs/3535127?&limit=20&offset=2440
2025-11-17 22:31:48,569 - INFO - Scraping page 124: https://www.freshersworld.com/python-jobs/3535127?&limit=20&offset=2460
2025-11-17 22:31:56,007 - INFO - Scraping page 125: https://www.freshersworld.com/python-jobs/3535127?&limit=20&offset=2480
2025-11-17 22:32:02,031 - INFO - Scraping page 126: https://www.freshersworld.com/python-jobs/3535127?&limit=20&offset=2500
2025-11-17 22:32:09,145 - INFO - Scraping page 127: https://www.freshersworld.com/python-jobs/3535127?&limit=20&offset=2520
2025-11-17 22:32:15,160 - INFO - Scraping page 128: https://www.freshersworld.com/python-jobs/3535127?&limit=20&offset=2540
2025-11-17 22:32:21,102 - INFO - Scraping page 129: https://www.freshersworld.com/python-jobs/3535127?&limit=20&offset=2560
2025-11-17 22:32:28,237 - INFO - Scraping page 130: https://www.freshersworld.com/python-jobs/3535127?&limit=20&offset=2580
2025-11-17 22:32:34,272 - INFO - Scraping page 131: https://www.freshersworld.com/python-jobs/3535127?&limit=20&offset=2600
2025-11-17 22:32:40,899 - INFO - Scraping page 132: https://www.freshersworld.com/python-jobs/3535127?&limit=20&offset=2620
2025-11-17 22:32:46,908 - INFO - Scraping page 133: https://www.freshersworld.com/python-jobs/3535127?&limit=20&offset=2640
2025-11-17 22:32:53,100 - INFO - Scraping page 134: https://www.freshersworld.com/python-jobs/3535127?&limit=20&offset=2660
2025-11-17 22:32:59,750 - INFO - Scraping page 135: https://www.freshersworld.com/python-jobs/3535127?&limit=20&offset=2680
2025-11-17 22:33:05,517 - INFO - Scraping page 136: https://www.freshersworld.com/python-jobs/3535127?&limit=20&offset=2700
2025-11-17 22:33:12,149 - INFO - Scraping page 137: https://www.freshersworld.com/python-jobs/3535127?&limit=20&offset=2720
2025-11-17 22:33:17,927 - INFO - Scraping page 138: https://www.freshersworld.com/python-jobs/3535127?&limit=20&offset=2740
2025-11-17 22:33:25,020 - INFO - Scraping page 139: https://www.freshersworld.com/python-jobs/3535127?&limit=20&offset=2760
2025-11-17 22:33:30,847 - INFO - Scraping page 140: https://www.freshersworld.com/python-jobs/3535127?&limit=20&offset=2780
2025-11-17 22:33:37,898 - INFO - Scraping page 141: https://www.freshersworld.com/python-jobs/3535127?&limit=20&offset=2800
2025-11-17 22:33:43,874 - INFO - Scraping page 142: https://www.freshersworld.com/python-jobs/3535127?&limit=20&offset=2820
2025-11-17 22:33:49,392 - INFO - Scraping page 143: https://www.freshersworld.com/python-jobs/3535127?&limit=20&offset=2840
2025-11-17 22:33:56,503 - INFO - Scraping page 144: https://www.freshersworld.com/python-jobs/3535127?&limit=20&offset=2860
2025-11-17 22:34:03,163 - INFO - Scraping page 145: https://www.freshersworld.com/python-jobs/3535127?&limit=20&offset=2880
2025-11-17 22:34:10,102 - INFO - Scraping page 146: https://www.freshersworld.com/python-jobs/3535127?&limit=20&offset=2900
2025-11-17 22:34:16,892 - INFO - Scraping page 147: https://www.freshersworld.com/python-jobs/3535127?&limit=20&offset=2920
2025-11-17 22:34:23,924 - INFO - Scraping page 148: https://www.freshersworld.com/python-jobs/3535127?&limit=20&offset=2940
2025-11-17 22:34:30,603 - INFO - Scraping page 149: https://www.freshersworld.com/python-jobs/3535127?&limit=20&offset=2960
2025-11-17 22:34:36,379 - INFO - Scraping page 150: https://www.freshersworld.com/python-jobs/3535127?&limit=20&offset=2980
2025-11-17 22:34:42,147 - INFO - Scraping page 151: https://www.freshersworld.com/python-jobs/3535127?&limit=20&offset=3000
2025-11-17 22:34:48,003 - INFO - Scraping page 152: https://www.freshersworld.com/python-jobs/3535127?&limit=20&offset=3020
2025-11-17 22:34:53,814 - INFO - Scraping page 153: https://www.freshersworld.com/python-jobs/3535127?&limit=20&offset=3040
2025-11-17 22:34:54,396 - ERROR - [Attempt 1] Error fetching https://www.freshersworld.com/python-jobs/3535127?&limit=20&offset=3040 \u2192 Response ended prematurely
2025-11-17 22:35:04,807 - INFO - Scraping page 154: https://www.freshersworld.com/python-jobs/3535127?&limit=20&offset=3060
2025-11-17 22:35:10,965 - INFO - Scraping page 155: https://www.freshersworld.com/python-jobs/3535127?&limit=20&offset=3080
2025-11-17 22:35:17,084 - INFO - Scraping page 156: https://www.freshersworld.com/python-jobs/3535127?&limit=20&offset=3100
2025-11-17 22:35:22,678 - INFO - Scraping page 157: https://www.freshersworld.com/python-jobs/3535127?&limit=20&offset=3120
2025-11-17 22:35:28,941 - INFO - Scraping page 158: https://www.freshersworld.com/python-jobs/3535127?&limit=20&offset=3140
2025-11-17 22:35:34,653 - INFO - Scraping page 159: https://www.freshersworld.com/python-jobs/3535127?&limit=20&offset=3160
2025-11-17 22:35:40,365 - INFO - Scraping page 160: https://www.freshersworld.com/python-jobs/3535127?&limit=20&offset=3180
2025-11-17 22:35:46,304 - INFO - Scraping page 161: https://www.freshersworld.com/python-jobs/3535127?&limit=20&offset=3200
2025-11-17 22:35:51,562 - INFO - Scraping page 162: https://www.freshersworld.com/python-jobs/3535127?&limit=20&offset=3220
2025-11-17 22:35:57,400 - INFO - Scraping page 163: https://www.freshersworld.com/python-jobs/3535127?&limit=20&offset=3240
2025-11-17 22:36:05,610 - INFO - Scraping page 164: https://www.freshersworld.com/python-jobs/3535127?&limit=20&offset=3260
2025-11-17 22:36:27,286 - INFO - Scraping page 165: https://www.freshersworld.com/python-jobs/3535127?&limit=20&offset=3280
2025-11-17 22:36:49,171 - INFO - Scraping page 166: https://www.freshersworld.com/python-jobs/3535127?&limit=20&offset=3300
2025-11-17 22:36:58,622 - INFO - Scraping page 167: https://www.freshersworld.com/python-jobs/3535127?&limit=20&offset=3320
2025-11-17 22:37:05,379 - INFO - Scraping page 168: https://www.freshersworld.com/python-jobs/3535127?&limit=20&offset=3340
2025-11-17 22:37:12,765 - INFO - Scraping page 169: https://www.freshersworld.com/python-jobs/3535127?&limit=20&offset=3360
2025-11-17 22:37:19,754 - INFO - Scraping page 170: https://www.freshersworld.com/python-jobs/3535127?&limit=20&offset=3380
2025-11-17 22:37:26,832 - INFO - Scraping page 171: https://www.freshersworld.com/python-jobs/3535127?&limit=20&offset=3400
2025-11-17 22:37:33,198 - INFO - Scraping page 172: https://www.freshersworld.com/python-jobs/3535127?&limit=20&offset=3420
2025-11-17 22:37:38,657 - INFO - Scraping page 173: https://www.freshersworld.com/python-jobs/3535127?&limit=20&offset=3440
2025-11-17 22:37:44,009 - INFO - Scraping page 174: https://www.freshersworld.com/python-jobs/3535127?&limit=20&offset=3460
2025-11-17 22:37:51,265 - INFO - Scraping page 175: https://www.freshersworld.com/python-jobs/3535127?&limit=20&offset=3480
2025-11-17 22:37:58,262 - INFO - Scraping page 176: https://www.freshersworld.com/python-jobs/3535127?&limit=20&offset=3500
2025-11-17 22:38:04,857 - INFO - Scraping page 177: https://www.freshersworld.com/python-jobs/3535127?&limit=20&offset=3520
2025-11-17 22:38:09,993 - INFO - Scraping page 178: https://www.freshersworld.com/python-jobs/3535127?&limit=20&offset=3540
2025-11-17 22:38:16,110 - INFO - Scraping page 179: https://www.freshersworld.com/python-jobs/3535127?&limit=20&offset=3560
2025-11-17 22:38:22,114 - INFO - Scraping page 180: https://www.freshersworld.com/python-jobs/3535127?&limit=20&offset=3580
2025-11-17 22:38:28,366 - INFO - Scraping page 181: https://www.freshersworld.com/python-jobs/3535127?&limit=20&offset=3600
2025-11-17 22:38:33,529 - INFO - Scraping page 182: https://www.freshersworld.com/python-jobs/3535127?&limit=20&offset=3620
2025-11-17 22:38:40,077 - INFO - Scraping page 183: https://www.freshersworld.com/python-jobs/3535127?&limit=20&offset=3640
2025-11-17 22:38:46,911 - INFO - Scraping page 184: https://www.freshersworld.com/python-jobs/3535127?&limit=20&offset=3660
2025-11-17 22:38:52,114 - INFO - Scraping page 185: https://www.freshersworld.com/python-jobs/3535127?&limit=20&offset=3680
2025-11-17 22:38:57,550 - INFO - Scraping page 186: https://www.freshersworld.com/python-jobs/3535127?&limit=20&offset=3700
2025-11-17 22:39:04,667 - INFO - Scraping page 187: https://www.freshersworld.com/python-jobs/3535127?&limit=20&offset=3720
2025-11-17 22:39:09,974 - INFO - Scraping page 188: https://www.freshersworld.com/python-jobs/3535127?&limit=20&offset=3740
2025-11-17 22:39:16,734 - INFO - Scraping page 189: https://www.freshersworld.com/python-jobs/3535127?&limit=20&offset=3760
2025-11-17 22:39:22,796 - INFO - Scraping page 190: https://www.freshersworld.com/python-jobs/3535127?&limit=20&offset=3780
2025-11-17 22:39:28,843 - INFO - Scraping page 191: https://www.freshersworld.com/python-jobs/3535127?&limit=20&offset=3800
2025-11-17 22:39:35,017 - INFO - Scraping page 192: https://www.freshersworld.com/python-jobs/3535127?&limit=20&offset=3820
2025-11-17 22:39:40,937 - INFO - Scraping page 193: https://www.freshersworld.com/python-jobs/3535127?&limit=20&offset=3840
2025-11-17 22:39:47,306 - INFO - Scraping page 194: https://www.freshersworld.com/python-jobs/3535127?&limit=20&offset=3860
2025-11-17 22:39:52,472 - INFO - Scraping page 195: https://www.freshersworld.com/python-jobs/3535127?&limit=20&offset=3880
2025-11-17 22:39:58,627 - INFO - Scraping page 196: https://www.freshersworld.com/python-jobs/3535127?&limit=20&offset=3900
2025-11-17 22:40:05,082 - INFO - Scraping page 197: https://www.freshersworld.com/python-jobs/3535127?&limit=20&offset=3920
2025-11-17 22:40:12,120 - INFO - Scraping page 198: https://www.freshersworld.com/python-jobs/3535127?&limit=20&offset=3940
2025-11-17 22:40:18,112 - INFO - Scraping page 199: https://www.freshersworld.com/python-jobs/3535127?&limit=20&offset=3960
2025-11-17 22:40:24,153 - INFO - Scraping page 200: https://www.freshersworld.com/python-jobs/3535127?&limit=20&offset=3980
2025-11-17 22:40:29,452 - INFO - Scraping page 201: https://www.freshersworld.com/python-jobs/3535127?&limit=20&offset=4000
2025-11-17 22:40:35,778 - INFO - Scraping page 202: https://www.freshersworld.com/python-jobs/3535127?&limit=20&offset=4020
2025-11-17 22:40:41,930 - INFO - Scraping page 203: https://www.freshersworld.com/python-jobs/3535127?&limit=20&offset=4040
2025-11-17 22:40:47,383 - INFO - Scraping page 204: https://www.freshersworld.com/python-jobs/3535127?&limit=20&offset=4060
2025-11-17 22:40:53,488 - INFO - Scraping page 205: https://www.freshersworld.com/python-jobs/3535127?&limit=20&offset=4080
2025-11-17 22:41:00,018 - INFO - Scraping page 206: https://www.freshersworld.com/python-jobs/3535127?&limit=20&offset=4100
2025-11-17 22:41:05,624 - INFO - Scraping page 207: https://www.freshersworld.com/python-jobs/3535127?&limit=20&offset=4120
2025-11-17 22:41:11,678 - INFO - Scraping page 208: https://www.freshersworld.com/python-jobs/3535127?&limit=20&offset=4140
2025-11-17 22:41:17,722 - INFO - Scraping page 209: https://www.freshersworld.com/python-jobs/3535127?&limit=20&offset=4160
2025-11-17 22:41:24,513 - INFO - Scraping page 210: https://www.freshersworld.com/python-jobs/3535127?&limit=20&offset=4180
2025-11-17 22:41:29,525 - INFO - Scraping page 211: https://www.freshersworld.com/python-jobs/3535127?&limit=20&offset=4200
2025-11-17 22:41:36,110 - INFO - Scraping page 212: https://www.freshersworld.com/python-jobs/3535127?&limit=20&offset=4220
2025-11-17 22:41:40,941 - INFO - Scraping page 213: https://www.freshersworld.com/python-jobs/3535127?&limit=20&offset=4240
2025-11-17 22:41:47,721 - INFO - Scraping page 214: https://www.freshersworld.com/python-jobs/3535127?&limit=20&offset=4260
2025-11-17 22:41:54,256 - INFO - \U0001f7e2 Scraper finished
2025-11-17 22:41:59,586 - INFO - Excel saved: fresher_world/fresher_world_2025-11-17.xlsx
2025-11-17 22:41:59,751 - INFO - CSV saved: fresher_world/fresher_world_2025-11-17.csv
2025-11-17 22:42:00,024 - INFO - JSON saved: fresher_world/fresher_world_2025-11-17.json
